2024-12-18 00:37:09 - Launching srv1...
2024-12-18 00:37:09 - Starting container srv1 on CPU core 0...
2024-12-18 00:37:09 - Container srv1 started successfully.
2024-12-18 00:39:50 - Starting container srv2 on CPU core 1...
2024-12-18 00:39:51 - Container srv2 started successfully.
2024-12-18 00:42:09 - Starting container srv3 on CPU core 2...
2024-12-18 00:42:10 - Container srv3 started successfully.
2024-12-18 00:42:48 - Checking for updates to image abcproger/httpserver...
2024-12-18 00:42:49 - New version detected. Updating containers...
2024-12-18 00:42:49 - Updating srv1...
2024-12-18 00:43:00 - Starting container srv1 on CPU core 0...
2024-12-18 00:43:01 - Container srv1 started successfully.
2024-12-18 00:43:11 - Updating srv2...
2024-12-18 00:43:21 - Starting container srv2 on CPU core 1...
2024-12-18 00:43:22 - Container srv2 started successfully.
2024-12-18 00:43:32 - Updating srv3...
2024-12-18 00:43:43 - Starting container srv3 on CPU core 2...
2024-12-18 00:43:43 - Container srv3 started successfully.
2024-12-18 00:43:53 - All containers updated successfully.
2024-12-18 00:43:53 - Cleaning up unused containers...
2024-12-18 00:43:54 - Unused containers cleaned up.
2024-12-18 00:45:05 - Stopping container srv3 due to idleness...
2024-12-18 00:45:15 - Container srv3 stopped and removed.
2024-12-18 00:47:31 - Stopping container srv2 due to idleness...
2024-12-18 00:47:41 - Container srv2 stopped and removed.
2024-12-18 00:48:13 - Checking for updates to image abcproger/httpserver...
2024-12-18 00:48:15 - New version detected. Updating containers...
2024-12-18 00:48:15 - Launching backup container srv2 before updating srv1...
2024-12-18 00:48:15 - Starting container srv2 on CPU core 1...
2024-12-18 00:48:16 - Container srv2 started successfully.
2024-12-18 00:48:48 - Launching srv1...
2024-12-18 00:48:48 - Starting container srv1 on CPU core 0...
2024-12-18 00:48:48 - Container srv1 started successfully.
2024-12-18 00:50:57 - Starting container srv2 on CPU core 1...
2024-12-18 00:50:58 - Container srv2 started successfully.
2024-12-18 00:53:16 - Starting container srv3 on CPU core 2...
2024-12-18 00:53:18 - Container srv3 started successfully.
2024-12-18 00:53:56 - Checking for updates to image abcproger/httpserver...
2024-12-18 00:53:57 - No updates available. Image is already up-to-date.
2024-12-18 00:53:57 - Cleaning up unused containers...
2024-12-18 00:53:57 - Unused containers cleaned up.
2024-12-18 00:58:11 - Stopping container srv3 due to idleness...
2024-12-18 00:58:21 - Container srv3 stopped and removed.
2024-12-18 00:58:57 - Stopping container srv2 due to idleness...
2024-12-18 00:59:08 - Container srv2 stopped and removed.
2024-12-18 00:59:08 - Checking for updates to image abcproger/httpserver...
2024-12-18 00:59:09 - No updates available. Image is already up-to-date.
2024-12-18 00:59:09 - Cleaning up unused containers...
2024-12-18 00:59:09 - Unused containers cleaned up.
2024-12-18 01:03:57 - Checking for updates to image abcproger/httpserver...
2024-12-18 01:04:01 - New version detected. Updating containers...
2024-12-18 01:04:01 - Launching backup container srv2 before updating srv1...
2024-12-18 01:04:01 - Starting container srv2 on CPU core 1...
2024-12-18 01:04:02 - Container srv2 started successfully.
2024-12-18 01:04:12 - Stopping and updating srv1...
2024-12-18 01:04:22 - Starting container srv1 on CPU core 1...
2024-12-18 01:04:23 - Container srv1 started successfully.
2024-12-18 01:04:23 - Stopping and updating srv2...
2024-12-18 01:04:33 - Starting container srv2 on CPU core 1...
2024-12-18 01:04:34 - Container srv2 started successfully.
2024-12-18 01:04:34 - All containers updated successfully.
2024-12-18 01:04:34 - Cleaning up unused containers...
2024-12-18 01:04:34 - Unused containers cleaned up.
2024-12-18 01:05:08 - Stopping container srv2 due to idleness...
2024-12-18 01:05:18 - Container srv2 stopped and removed.
2024-12-18 01:07:25 - Starting container srv2 on CPU core 1...
2024-12-18 01:07:26 - Container srv2 started successfully.
2024-12-18 01:07:28 - Stopping container srv2 due to idleness...
2024-12-18 01:07:38 - Container srv2 stopped and removed.
2024-12-18 01:08:11 - Starting container srv2 on CPU core 1...
2024-12-18 01:08:11 - Container srv2 started successfully.
2024-12-18 01:08:13 - Stopping container srv2 due to idleness...
2024-12-18 01:08:24 - Container srv2 stopped and removed.
2024-12-18 01:08:55 - Starting container srv2 on CPU core 1...
2024-12-18 01:08:56 - Container srv2 started successfully.
2024-12-18 01:15:45 - Launching srv1...
2024-12-18 01:15:45 - Starting container srv1 on CPU core 0...
2024-12-18 01:15:46 - Container srv1 started successfully.
2024-12-18 01:16:51 - Starting container srv2 on CPU core 1...
2024-12-18 01:16:52 - Container srv2 started successfully.
2024-12-18 01:16:54 - Checking for updates to image abcproger/httpserver...
2024-12-18 01:16:56 - No updates available. Image is already up-to-date.
2024-12-18 01:16:56 - Cleaning up unused containers...
2024-12-18 01:16:56 - Unused containers cleaned up.
2024-12-18 01:17:30 - Starting container srv3 on CPU core 2...
2024-12-18 01:17:30 - Container srv3 started successfully.
2024-12-18 01:18:08 - Checking for updates to image abcproger/httpserver...
2024-12-18 01:18:09 - No updates available. Image is already up-to-date.
2024-12-18 01:18:09 - Cleaning up unused containers...
2024-12-18 01:18:09 - Unused containers cleaned up.
2024-12-18 01:19:21 - Checking for updates to image abcproger/httpserver...
2024-12-18 01:19:22 - No updates available. Image is already up-to-date.
2024-12-18 01:19:22 - Cleaning up unused containers...
2024-12-18 01:19:22 - Unused containers cleaned up.
2024-12-18 01:20:34 - Checking for updates to image abcproger/httpserver...
2024-12-18 01:20:39 - New version detected. Updating containers...
2024-12-18 01:20:39 - Updating srv1...
2024-12-18 01:20:50 - Starting container srv1 on CPU core 0...
2024-12-18 01:20:52 - Container srv1 started successfully.
2024-12-18 01:21:02 - Updating srv2...
2024-12-18 01:21:12 - Starting container srv2 on CPU core 1...
2024-12-18 01:21:13 - Container srv2 started successfully.
2024-12-18 01:21:23 - Updating srv3...
2024-12-18 01:21:34 - Starting container srv3 on CPU core 2...
2024-12-18 01:21:35 - Container srv3 started successfully.
2024-12-18 01:21:45 - All containers updated successfully.
2024-12-18 01:21:45 - Cleaning up unused containers...
2024-12-18 01:21:45 - Unused containers cleaned up.
2024-12-18 01:22:21 - Checking for updates to image abcproger/httpserver...
2024-12-18 01:22:22 - No updates available. Image is already up-to-date.
2024-12-18 01:22:22 - Cleaning up unused containers...
2024-12-18 01:22:22 - Unused containers cleaned up.
2024-12-18 01:22:56 - Stopping container srv2 due to idleness...
2024-12-18 01:23:07 - Container srv2 stopped and removed.
2024-12-18 01:23:08 - Stopping container srv3 due to idleness...
2024-12-18 01:23:19 - Container srv3 stopped and removed.
2024-12-18 01:23:51 - Checking for updates to image abcproger/httpserver...
2024-12-18 01:23:52 - No updates available. Image is already up-to-date.
2024-12-18 01:23:52 - Cleaning up unused containers...
2024-12-18 01:23:53 - Unused containers cleaned up.
2024-12-18 01:24:58 - Checking for updates to image abcproger/httpserver...
2024-12-18 01:24:59 - No updates available. Image is already up-to-date.
2024-12-18 01:24:59 - Cleaning up unused containers...
2024-12-18 01:24:59 - Unused containers cleaned up.
2024-12-18 01:26:03 - Checking for updates to image abcproger/httpserver...
2024-12-18 01:26:07 - New version detected. Updating containers...
2024-12-18 01:26:07 - Launching backup container srv2 before updating srv1...
2024-12-18 01:26:07 - Starting container srv2 on CPU core 0...
2024-12-18 01:26:08 - Container srv2 started successfully.
2024-12-18 01:26:18 - Stopping and updating srv1...
2024-12-18 01:26:29 - Starting container srv1 on CPU core 0...
2024-12-18 01:26:29 - Container srv1 started successfully.
2024-12-18 01:26:29 - Stopping backup container srv2 after srv1 update...
2024-12-18 01:26:40 - All containers updated successfully.
2024-12-18 01:26:40 - Cleaning up unused containers...
2024-12-18 01:26:40 - Unused containers cleaned up.
2024-12-18 01:27:11 - Checking for updates to image abcproger/httpserver...
2024-12-18 01:27:13 - No updates available. Image is already up-to-date.
2024-12-18 01:27:13 - Cleaning up unused containers...
2024-12-18 01:27:13 - Unused containers cleaned up.
2024-12-18 01:28:18 - Starting container srv2 on CPU core 1...
2024-12-18 01:28:19 - Container srv2 started successfully.
2024-12-18 01:28:20 - Stopping container srv2 due to idleness...
2024-12-18 01:28:31 - Container srv2 stopped and removed.
2024-12-18 01:28:31 - Checking for updates to image abcproger/httpserver...
2024-12-18 01:28:32 - No updates available. Image is already up-to-date.
2024-12-18 01:28:32 - Cleaning up unused containers...
2024-12-18 01:28:32 - Unused containers cleaned up.
2024-12-18 01:29:04 - Starting container srv2 on CPU core 1...
2024-12-18 01:29:05 - Container srv2 started successfully.
2024-12-18 01:29:40 - Starting container srv3 on CPU core 2...
2024-12-18 01:29:41 - Container srv3 started successfully.
2024-12-18 01:29:43 - Stopping container srv3 due to idleness...
2024-12-18 01:29:53 - Container srv3 stopped and removed.
2024-12-18 01:29:53 - Checking for updates to image abcproger/httpserver...
2024-12-18 01:29:55 - No updates available. Image is already up-to-date.
2024-12-18 01:29:55 - Cleaning up unused containers...
2024-12-18 01:29:55 - Unused containers cleaned up.
2024-12-18 01:30:29 - Starting container srv3 on CPU core 2...
2024-12-18 01:30:29 - Container srv3 started successfully.
2024-12-18 01:30:31 - Stopping container srv3 due to idleness...
2024-12-18 01:30:42 - Container srv3 stopped and removed.
2024-12-18 01:31:16 - Starting container srv3 on CPU core 2...
2024-12-18 01:31:16 - Container srv3 started successfully.
2024-12-18 01:31:18 - Stopping container srv3 due to idleness...
2024-12-18 01:31:29 - Container srv3 stopped and removed.
2024-12-18 01:31:29 - Checking for updates to image abcproger/httpserver...
2024-12-18 01:31:31 - No updates available. Image is already up-to-date.
2024-12-18 01:31:31 - Cleaning up unused containers...
2024-12-18 01:31:31 - Unused containers cleaned up.
2024-12-18 01:32:04 - Starting container srv3 on CPU core 2...
2024-12-18 01:32:05 - Container srv3 started successfully.
2024-12-18 01:32:42 - Checking for updates to image abcproger/httpserver...
2024-12-18 01:32:44 - No updates available. Image is already up-to-date.
2024-12-18 01:32:44 - Cleaning up unused containers...
2024-12-18 01:32:44 - Unused containers cleaned up.
2024-12-18 01:33:56 - Checking for updates to image abcproger/httpserver...
2024-12-18 01:33:57 - No updates available. Image is already up-to-date.
2024-12-18 01:33:57 - Cleaning up unused containers...
2024-12-18 01:33:57 - Unused containers cleaned up.
2024-12-18 01:35:10 - Checking for updates to image abcproger/httpserver...
2024-12-18 01:35:11 - No updates available. Image is already up-to-date.
2024-12-18 01:35:11 - Cleaning up unused containers...
2024-12-18 01:35:11 - Unused containers cleaned up.
2024-12-18 01:36:21 - Stopping container srv2 due to idleness...
2024-12-18 10:00:40 - Launching srv1...
2024-12-18 10:00:41 - Starting container srv1 on CPU core 0...
2024-12-18 10:00:41 - Container srv1 started successfully.
2024-12-18 10:04:37 - Launching srv1...
2024-12-18 10:04:37 - Starting container srv1 on CPU core 0...
2024-12-18 10:04:37 - Container srv1 started successfully.
2024-12-18 10:06:46 - Starting container srv2 on CPU core 1...
2024-12-18 10:06:47 - Container srv2 started successfully.
2024-12-18 10:07:56 - Checking for updates to image abcproger/httpserver...
2024-12-18 10:07:58 - No updates available. Image is already up-to-date.
2024-12-18 10:07:58 - Cleaning up unused containers...
2024-12-18 10:07:58 - Unused containers cleaned up.
2024-12-18 10:09:06 - Starting container srv3 on CPU core 2...
2024-12-18 10:09:07 - Container srv3 started successfully.
2024-12-18 10:11:32 - Checking for updates to image abcproger/httpserver...
2024-12-18 10:11:38 - New version detected. Updating containers...
2024-12-18 10:11:38 - Updating srv1...
2024-12-18 10:11:49 - Starting container srv1 on CPU core 0...
2024-12-18 10:11:49 - Container srv1 started successfully.
2024-12-18 10:12:00 - Updating srv2...
2024-12-18 10:12:10 - Starting container srv2 on CPU core 1...
2024-12-18 10:12:11 - Container srv2 started successfully.
2024-12-18 10:12:21 - Updating srv3...
2024-12-18 10:12:31 - Starting container srv3 on CPU core 2...
2024-12-18 10:12:32 - Container srv3 started successfully.
2024-12-18 10:12:42 - All containers updated successfully.
2024-12-18 10:12:42 - Cleaning up unused containers...
2024-12-18 10:12:42 - Unused containers cleaned up.
2024-12-18 10:17:14 - Launching srv1...
2024-12-18 10:17:14 - Starting container srv1 on CPU core 0...
2024-12-18 10:17:14 - Container srv1 started successfully.
2024-12-18 10:19:29 - Launching srv1...
2024-12-18 10:19:29 - Starting container srv1 on CPU core 0...
2024-12-18 10:19:30 - Container srv1 started successfully.
2024-12-18 10:22:10 - Starting container srv2 on CPU core 1...
2024-12-18 10:22:11 - Container srv2 started successfully.
2024-12-18 10:22:48 - Checking for updates to image abcproger/httpserver...
2024-12-18 10:22:52 - New version detected. Updating containers...
2024-12-18 10:22:52 - Updating srv1...
2024-12-18 10:23:02 - Starting container srv1 on CPU core 0...
2024-12-18 10:23:03 - Container srv1 started successfully.
2024-12-18 10:47:46 - Launching srv1...
2024-12-18 10:47:46 - Starting container srv1 on CPU core 0...
2024-12-18 10:47:47 - Container srv1 started successfully.
2024-12-18 10:48:49 - Launching srv1...
2024-12-18 10:48:49 - Starting container srv1 on CPU core 0...
2024-12-18 10:48:50 - Container srv1 started successfully.
2024-12-18 10:50:59 - Starting container srv2 on CPU core 1...
2024-12-18 10:51:00 - Container srv2 started successfully.
2024-12-18 10:52:44 - Starting container srv3 on CPU core 2...
2024-12-18 10:52:45 - Container srv3 started successfully.
2024-12-18 10:53:59 - Checking for updates to image abcproger/httpserver...
2024-12-18 10:54:04 - New version detected. Updating containers...
2024-12-18 10:54:05 - Updating srv1...
2024-12-18 10:54:15 - Starting container srv1 on CPU core 0...
2024-12-18 10:54:16 - Container srv1 started successfully.
2024-12-18 10:54:26 - Updating srv2...
2024-12-18 10:54:36 - Starting container srv2 on CPU core 1...
2024-12-18 10:54:37 - Container srv2 started successfully.
2024-12-18 10:54:47 - Updating srv3...
2024-12-18 10:54:57 - Starting container srv3 on CPU core 2...
2024-12-18 10:54:58 - Container srv3 started successfully.
2024-12-18 10:55:08 - All containers updated successfully.
2024-12-18 10:55:08 - Cleaning up unused containers...
2024-12-18 10:55:08 - Unused containers cleaned up.
2024-12-18 10:57:31 - Stopping container srv2 due to idleness...
2024-12-18 10:57:41 - Container srv2 stopped and removed.
2024-12-18 10:57:43 - Stopping container srv3 due to idleness...
2024-12-18 10:57:54 - Container srv3 stopped and removed.
2024-12-18 10:58:58 - Checking for updates to image abcproger/httpserver...
2024-12-18 10:59:00 - No updates available. Image is already up-to-date.
2024-12-18 10:59:00 - Cleaning up unused containers...
2024-12-18 10:59:00 - Unused containers cleaned up.
2024-12-18 11:04:21 - Checking for updates to image abcproger/httpserver...
2024-12-18 11:04:23 - No updates available. Image is already up-to-date.
2024-12-18 11:04:23 - Cleaning up unused containers...
2024-12-18 11:04:23 - Unused containers cleaned up.
